<?xml version="1.0" encoding="UTF-8"?>
<!-- Generated by org.testng.reporters.JUnitReportReporter -->
<testsuite hostname="Toshif" failures="0" tests="1" name="com.mobileNG.Facebooklogin" time="7.498" errors="0" timestamp="2023-07-15T13:58:45 IST" skipped="0">
  <testcase classname="com.mobileNG.Facebooklogin" name="logintofacebook" time="7.498"/>
  <system-out>
    <![CDATA[driver.get("https://www.google.com/")]]>
  </system-out>
</testsuite> <!-- com.mobileNG.Facebooklogin -->
