<?xml version="1.0" encoding="UTF-8"?>
<!-- Generated by org.testng.reporters.JUnitReportReporter -->
<testsuite hostname="Toshif" failures="0" tests="1" name="com.mobileNG.MobileNG" time="9.025" errors="0" timestamp="2023-07-15T16:05:37 IST" skipped="0">
  <testcase classname="com.mobileNG.MobileNG" name="loginICICIBank" time="9.025"/>
  <system-out>
    <![CDATA[LOGIN]]>
  </system-out>
</testsuite> <!-- com.mobileNG.MobileNG -->
