<?xml version="1.0" encoding="UTF-8"?>
<!-- Generated by org.testng.reporters.JUnitReportReporter -->
<testsuite hostname="Toshif" failures="0" tests="1" name="com.mobileNG.NokiaNG" time="7.865" errors="0" timestamp="2023-07-14T20:05:49 IST" skipped="0">
  <testcase classname="com.mobileNG.NokiaNG" name="raj" time="7.865"/>
  <system-out>
    <![CDATA[driver.get("https://www.flipkart.com/");
 driver.get("https://www.google.com/");]]>
  </system-out>
</testsuite> <!-- com.mobileNG.NokiaNG -->
