<?xml version="1.0" encoding="UTF-8"?>
<!-- Generated by org.testng.reporters.JUnitReportReporter -->
<testsuite hostname="Toshif" failures="0" tests="4" name="com.mobileNG.TestPriority" time="0.013" errors="0" timestamp="2023-07-14T20:01:48 IST" skipped="1">
  <testcase classname="com.mobileNG.TestPriority" name="dog" time="0.011"/>
  <system-out/>
  <testcase classname="com.mobileNG.TestPriority" name="cat" time="0.001"/>
  <system-out/>
  <testcase classname="com.mobileNG.TestPriority" name="cat" time="0.001"/>
  <system-out/>
  <testcase classname="com.mobileNG.TestPriority" name="Horse">
    <skipped/>
  </testcase> <!-- Horse -->
  <system-out/>
</testsuite> <!-- com.mobileNG.TestPriority -->
